openConnection called for URL: https://settings.crashlytics.com/spi/v2/platforms/android/apps/com.bose.bosemusic/settings?instance=c6a22bbac7cf215d27dfb11f4465c91df9feb01a&build_version=25328&display_version=8.0.5&source=1&icon_hash=c3d872592238f39c7ecc7d8ea27f0be19ff4fbd4
openConnection called for URL: https://graph.facebook.com/v12.0/1025181764257064?fields=supports_implicit_sdk_logging%2Cgdpv4_nux_content%2Cgdpv4_nux_enabled%2Candroid_dialog_configs%2Candroid_sdk_error_categories%2Capp_events_session_timeout%2Capp_events_feature_bitmask%2Cauto_event_mapping_android%2Cseamless_login%2Csmart_login_bookmark_icon_url%2Csmart_login_menu_icon_url%2Crestrictive_data_filter_params%2Caam_rules%2Csuggested_events_setting&format=json&sdk=android
openConnection called for URL: https://graph.facebook.com/v12.0/1025181764257064?fields=supports_implicit_sdk_logging%2Cgdpv4_nux_content%2Cgdpv4_nux_enabled%2Candroid_dialog_configs%2Candroid_sdk_error_categories%2Capp_events_session_timeout%2Capp_events_feature_bitmask%2Cauto_event_mapping_android%2Cseamless_login%2Csmart_login_bookmark_icon_url%2Csmart_login_menu_icon_url%2Crestrictive_data_filter_params%2Caam_rules%2Csuggested_events_setting&format=json&sdk=android
openConnection called for URL: https://graph.facebook.com/v12.0/1025181764257064/mobile_sdk_gk?fields=gatekeepers&format=json&sdk_version=12.3.0&sdk=android&platform=android
openConnection called for URL: jar:file:/data/app/~~vHLVMag45p8IYtbvgKob5g==/com.bose.bosemusic-R-nEbviKKJnf7uw2kqZ5Sg==/base.apk!/kotlin/kotlin.kotlin_builtins
openConnection called for URL: https://graph.facebook.com/v12.0/1025181764257064/mobile_sdk_gk?fields=gatekeepers&format=json&sdk_version=12.3.0&sdk=android&platform=android
openConnection called for URL: https://socialize.us1.gigya.com/socialize.getIDs
openConnection called for URL: https://device-api.urbanairship.com/api/auth/device
openConnection called for URL: jar:file:/data/app/~~vHLVMag45p8IYtbvgKob5g==/com.bose.bosemusic-R-nEbviKKJnf7uw2kqZ5Sg==/base.apk!/kotlin/collections/collections.kotlin_builtins
openConnection called for URL: jar:file:/data/app/~~vHLVMag45p8IYtbvgKob5g==/com.bose.bosemusic-R-nEbviKKJnf7uw2kqZ5Sg==/base.apk!/kotlin/ranges/ranges.kotlin_builtins
openConnection called for URL: jar:file:/data/app/~~vHLVMag45p8IYtbvgKob5g==/com.bose.bosemusic-R-nEbviKKJnf7uw2kqZ5Sg==/base.apk!/kotlin/annotation/annotation.kotlin_builtins
openConnection called for URL: jar:file:/data/app/~~vHLVMag45p8IYtbvgKob5g==/com.bose.bosemusic-R-nEbviKKJnf7uw2kqZ5Sg==/base.apk!/kotlin/reflect/reflect.kotlin_builtins
openConnection called for URL: jar:file:/data/app/~~vHLVMag45p8IYtbvgKob5g==/com.bose.bosemusic-R-nEbviKKJnf7uw2kqZ5Sg==/base.apk!/kotlin/internal/internal.kotlin_builtins
openConnection called for URL: jar:file:/data/app/~~vHLVMag45p8IYtbvgKob5g==/com.bose.bosemusic-R-nEbviKKJnf7uw2kqZ5Sg==/base.apk!/kotlin/coroutines/coroutines.kotlin_builtins
openConnection called for URL: jar:file:/data/app/~~vHLVMag45p8IYtbvgKob5g==/com.bose.bosemusic-R-nEbviKKJnf7uw2kqZ5Sg==/base.apk!/kotlin/kotlin.kotlin_builtins
openConnection called for URL: jar:file:/data/app/~~vHLVMag45p8IYtbvgKob5g==/com.bose.bosemusic-R-nEbviKKJnf7uw2kqZ5Sg==/base.apk!/kotlin/kotlin.kotlin_builtins
openConnection called for URL: jar:file:/data/app/~~vHLVMag45p8IYtbvgKob5g==/com.bose.bosemusic-R-nEbviKKJnf7uw2kqZ5Sg==/base.apk!/kotlin/collections/collections.kotlin_builtins
openConnection called for URL: https://remote-data.urbanairship.com/api/remote-data/deferred/Knw9rLhjQZ6Y9a4QABnPzQ/android/3778e648-6e7e-4dfc-af17-6047389ee901?language=en&country=US&sdk_version=16.4.0&ts=1675968904210
openConnection called for URL: https://firebaseremoteconfigrealtime.googleapis.com/v1/projects/542357842841/namespaces/firebase:streamFetchInvalidations
openConnection called for URL: https://remote-data.urbanairship.com/api/remote-data/deferred/Knw9rLhjQZ6Y9a4QABnPzQ/android/3936b955-76c3-4238-9b33-c342deb6d73a?language=en&country=US&sdk_version=16.4.0&ts=1675968329421
openConnection called for URL: https://remote-data.urbanairship.com/api/remote-data/app/Knw9rLhjQZ6Y9a4QABnPzQ/android?sdk_version=16.4.0&push_providers=fcm&language=en&country=US
openConnection called for URL: https://remote-data.urbanairship.com/api/remote-data/deferred/Knw9rLhjQZ6Y9a4QABnPzQ/android/3c0ebac0-4024-4336-b512-23105eb440ed?language=en&country=US&sdk_version=16.4.0&ts=1675968829245
openConnection called for URL: https://device-api.urbanairship.com/api/user/H3P1AEdWTNaVxFhPM8ek-w/
openConnection called for URL: https://graph.facebook.com/v12.0/1025181764257064/model_asset?fields=use_case%2Cversion_id%2Casset_uri%2Crules_uri%2Cthresholds&format=json&sdk=android
openConnection called for URL: https://remote-data.urbanairship.com/api/remote-data/deferred/Knw9rLhjQZ6Y9a4QABnPzQ/android/8cd0228f-0f14-4b14-a0fb-21a17e2816ae?language=en&country=US&sdk_version=16.4.0&ts=1675968767443
openConnection called for URL: https://device-api.urbanairship.com/api/user/H3P1AEdWTNaVxFhPM8ek-w/messages/
openConnection called for URL: https://remote-data.urbanairship.com/api/remote-data/deferred/Knw9rLhjQZ6Y9a4QABnPzQ/android/9af41ba6-5d22-484f-8568-589b0a264a43?language=en&country=US&sdk_version=16.4.0&ts=1675968703518
openConnection called for URL: https://device-api.urbanairship.com/api/user/H3P1AEdWTNaVxFhPM8ek-w/messages/
openConnection called for URL: jar:file:/data/app/~~vHLVMag45p8IYtbvgKob5g==/com.bose.bosemusic-R-nEbviKKJnf7uw2kqZ5Sg==/base.apk!/kotlin/kotlin.kotlin_builtins
openConnection called for URL: https://device-api.urbanairship.com/api/user/H3P1AEdWTNaVxFhPM8ek-w/messages/
openConnection called for URL: https://remote-data.urbanairship.com/api/remote-data/deferred/Knw9rLhjQZ6Y9a4QABnPzQ/android/a6a2262b-90d9-496f-9361-9cb0774041b9?language=en&country=US&sdk_version=16.4.0&ts=1675968136402
openConnection called for URL: https://remote-data.urbanairship.com/api/remote-data/deferred/Knw9rLhjQZ6Y9a4QABnPzQ/android/c9dc88be-f869-4852-ad6f-cd20813f6a85?language=en&country=US&sdk_version=16.4.0&ts=1675968068594
openConnection called for URL: https://remote-data.urbanairship.com/api/remote-data/deferred/Knw9rLhjQZ6Y9a4QABnPzQ/android/b2595f0c-c811-4e2a-aaa7-36218fd94712?language=en&country=US&sdk_version=16.4.0&ts=1693939855046
openConnection called for URL: https://remote-data.urbanairship.com/api/remote-data/deferred/Knw9rLhjQZ6Y9a4QABnPzQ/android/95360b85-0227-428e-9d7c-02aecf9fba4c?language=en&country=US&sdk_version=16.4.0&ts=1693941395523
openConnection called for URL: https://combine.urbanairship.com/warp9/
openConnection called for URL: https://api.segment.io/v1/import
openConnection called for URL: https://remote-data.urbanairship.com/api/remote-data/deferred/Knw9rLhjQZ6Y9a4QABnPzQ/android/0d30e4b9-1431-494e-8e94-e7488549c12a?language=en&country=US&sdk_version=16.4.0&ts=1693938897609
openConnection called for URL: https://remote-data.urbanairship.com/api/remote-data/deferred/Knw9rLhjQZ6Y9a4QABnPzQ/android/27a2ea43-f392-443d-90a4-020c56310cf2?language=en&country=US&sdk_version=16.4.0&ts=1693940371985
openConnection called for URL: https://remote-data.urbanairship.com/api/remote-data/deferred/Knw9rLhjQZ6Y9a4QABnPzQ/android/577ee3d6-7208-462c-a8ce-a43e2f67e890?language=en&country=US&sdk_version=16.4.0&ts=1693940945906
openConnection called for URL: https://remote-data.urbanairship.com/api/remote-data/deferred/Knw9rLhjQZ6Y9a4QABnPzQ/android/d0ee9944-13be-4289-89d5-a47f275cf9ec?language=en&country=US&sdk_version=16.4.0&ts=1693939687048
openConnection called for URL: https://remote-data.urbanairship.com/api/remote-data/deferred/Knw9rLhjQZ6Y9a4QABnPzQ/android/774bd5b1-0616-4a04-a771-cc3f3f71bc1f?language=en&country=US&sdk_version=16.4.0&ts=1693940579894
openConnection called for URL: https://remote-data.urbanairship.com/api/remote-data/deferred/Knw9rLhjQZ6Y9a4QABnPzQ/android/e8b5e43c-2bcc-4246-a6d5-388bb170dfbd?language=en&country=US&sdk_version=16.4.0&ts=1693940233774
openConnection called for URL: https://remote-data.urbanairship.com/api/remote-data/deferred/Knw9rLhjQZ6Y9a4QABnPzQ/android/3778e648-6e7e-4dfc-af17-6047389ee901?language=en&country=US&sdk_version=16.4.0&ts=1675968904210
openConnection called for URL: https://remote-data.urbanairship.com/api/remote-data/deferred/Knw9rLhjQZ6Y9a4QABnPzQ/android/3936b955-76c3-4238-9b33-c342deb6d73a?language=en&country=US&sdk_version=16.4.0&ts=1675968329421
openConnection called for URL: https://remote-data.urbanairship.com/api/remote-data/deferred/Knw9rLhjQZ6Y9a4QABnPzQ/android/3c0ebac0-4024-4336-b512-23105eb440ed?language=en&country=US&sdk_version=16.4.0&ts=1675968829245
openConnection called for URL: https://remote-data.urbanairship.com/api/remote-data/deferred/Knw9rLhjQZ6Y9a4QABnPzQ/android/8cd0228f-0f14-4b14-a0fb-21a17e2816ae?language=en&country=US&sdk_version=16.4.0&ts=1675968767443
openConnection called for URL: https://remote-data.urbanairship.com/api/remote-data/deferred/Knw9rLhjQZ6Y9a4QABnPzQ/android/a6a2262b-90d9-496f-9361-9cb0774041b9?language=en&country=US&sdk_version=16.4.0&ts=1675968136402
openConnection called for URL: https://remote-data.urbanairship.com/api/remote-data/deferred/Knw9rLhjQZ6Y9a4QABnPzQ/android/c9dc88be-f869-4852-ad6f-cd20813f6a85?language=en&country=US&sdk_version=16.4.0&ts=1675968068594
